POST _bulk
{ "index" : { "_index" : "platform-test-automation", "_type":"test-case-execution-result"} }
{"job_id":"platform4_2019-06-04170209108","run_trigger_time":"2019-06-04 03:46:47.940 -0700","platform":"platform2","user_role":"Penetration Tester","tc_execution_time":"2019-06-04 03:49:02.171 -0700","category":"Network","subcategory":"Hosts","tc_number":"nths5","result":"Failed","time_taken_in_secs":"1.54 ","is_comparison_required_for_tc":"false","error_message":"Conditional Pass [Criticality is updated for the selected hosts]","test_suite":"MailVerify.xlsx"}
{ "index" : { "_index" : "platform-test-automation", "_type":"test-case-execution-result"} }
{"job_id":"platform4_2019-06-04170209108","run_trigger_time":"2019-06-04 03:46:47.940 -0700","platform":"platform4","user_role":"Penetration Tester","tc_execution_time":"2019-06-04 03:49:02.171 -0700","category":"Network","subcategory":"Host Findings","tc_number":"stlo1","result":"Passed","time_taken_in_secs":"26.034 ","is_comparison_required_for_tc":"false","error_message":"Passed","test_suite":"MailVerify.xlsx"}
{ "index" : { "_index" : "platform-test-automation", "_type":"test-case-execution-result"} }
{"job_id":"platform4_2019-06-04170209108","run_trigger_time":"2019-06-04 03:46:47.940 -0700","platform":"platform1","user_role":"Penetration Tester","tc_execution_time":"2019-06-04 03:49:02.171 -0700","category":"Network","subcategory":"Unique Vulnerabilities","tc_number":"nthf4","result":"Passed","time_taken_in_secs":"174.151 ","is_comparison_required_for_tc":"true","error_message":"Passed","test_suite":"MailVerify.xlsx"}
{ "index" : { "_index" : "platform-test-automation", "_type":"test-case-execution-result"} }
{"job_id":"platform4_2019-06-04170209108","run_trigger_time":"2019-06-04 03:46:47.940 -0700","platform":"platform4","user_role":"Penetration Tester","tc_execution_time":"2019-06-04 03:49:02.171 -0700","category":"Network","subcategory":"Host Findings","tc_number":"nthf5","result":"Failed","time_taken_in_secs":"33.307 ","is_comparison_required_for_tc":"true","error_message":"Conditional Pass - [Request to update severity with User Credential is Successfull as expected]","test_suite":"MailVerify.xlsx"}
{ "index" : { "_index" : "platform-test-automation", "_type":"test-case-execution-result"} }
{"job_id":"platform4_2019-06-04170209108","run_trigger_time":"2019-06-04 03:46:47.940 -0700","platform":"platform1","user_role":"Penetration Tester","tc_execution_time":"2019-06-04 03:49:02.171 -0700","category":"Network","subcategory":"Dashboard","tc_number":"nthf6","result":"Failed","time_taken_in_secs":"31.832 ","is_comparison_required_for_tc":"true","error_message":"Conditional Pass - [3 Vulnerabilities are selected successfully][Request to update severity with User Credential is not updated Successfully as expected]","test_suite":"MailVerify.xlsx"}
{ "index" : { "_index" : "platform-test-automation", "_type":"test-case-execution-result"} }
{"job_id":"platform4_2019-06-04170209108","run_trigger_time":"2019-06-04 03:46:47.940 -0700","platform":"platform4","user_role":"Penetration Tester","tc_execution_time":"2019-06-04 03:49:02.171 -0700","category":"Network","subcategory":"Host Findings","tc_number":"nthf7","result":"Passed","time_taken_in_secs":"25.004 ","is_comparison_required_for_tc":"true","error_message":"Passed","test_suite":"MailVerify.xlsx"}
{ "index" : { "_index" : "platform-test-automation", "_type":"test-case-execution-result"} }
{"job_id":"platform4_2019-06-04170209108","run_trigger_time":"2019-06-04 03:46:47.940 -0700","platform":"platform2","user_role":"Penetration Tester","tc_execution_time":"2019-06-04 03:49:02.171 -0700","category":"Network","subcategory":"Host Findings","tc_number":"nthf8","result":"Passed","time_taken_in_secs":"24.479 ","is_comparison_required_for_tc":"true","error_message":"Passed","test_suite":"MailVerify.xlsx"}
{ "index" : { "_index" : "platform-test-automation", "_type":"test-case-execution-result"} }
{"job_id":"platform4_2019-06-04170209108","run_trigger_time":"2019-06-04 03:46:47.940 -0700","platform":"platform4","user_role":"Penetration Tester","tc_execution_time":"2019-06-04 03:49:02.171 -0700","category":"Network","subcategory":"Differential Analysis","tc_number":"nthf9","result":"Passed","time_taken_in_secs":"23.443 ","is_comparison_required_for_tc":"true","error_message":"Passed","test_suite":"MailVerify.xlsx"}
{ "index" : { "_index" : "platform-test-automation", "_type":"test-case-execution-result"} }
{"job_id":"platform4_2019-06-04170209108","run_trigger_time":"2019-06-04 03:46:47.940 -0700","platform":"platform3","user_role":"Penetration Tester","tc_execution_time":"2019-06-04 03:49:02.171 -0700","category":"Network","subcategory":"Host Findings","tc_number":"nthf10","result":"Passed","time_taken_in_secs":"24.228 ","is_comparison_required_for_tc":"true","error_message":"Passed","test_suite":"MailVerify.xlsx"}
{ "index" : { "_index" : "platform-test-automation", "_type":"test-case-execution-result"} }
{"job_id":"platform4_2019-06-04170209108","run_trigger_time":"2019-06-04 03:46:47.940 -0700","platform":"platform4","user_role":"Penetration Tester","tc_execution_time":"2019-06-04 03:49:02.171 -0700","category":"Network","subcategory":"Host Findings","tc_number":"nthf11","result":"Passed","time_taken_in_secs":"24.176 ","is_comparison_required_for_tc":"true","error_message":"Passed","test_suite":"MailVerify.xlsx"}
{ "index" : { "_index" : "platform-test-automation", "_type":"test-case-execution-result"} }
{"job_id":"platform4_2019-06-04170209108","run_trigger_time":"2019-06-04 03:46:47.940 -0700","platform":"platform2","user_role":"Penetration Tester","tc_execution_time":"2019-06-04 03:49:02.171 -0700","category":"Network","subcategory":"Differential Analysis","tc_number":"stlo1","result":"Passed","time_taken_in_secs":"26.016 ","is_comparison_required_for_tc":"false","error_message":"Passed","test_suite":"MailVerify.xlsx"}
{ "index" : { "_index" : "platform-test-automation", "_type":"test-case-execution-result"} }
{"job_id":"platform4_2019-06-04170209108","run_trigger_time":"2019-06-04 03:46:47.940 -0700","platform":"platform1","user_role":"Penetration Tester","tc_execution_time":"2019-06-04 03:49:02.171 -0700","category":"Network","subcategory":"Host Findings","tc_number":"stlo1","result":"Passed","time_taken_in_secs":"26.016 ","is_comparison_required_for_tc":"false","error_message":"Single","test_suite":"MailVerify.xlsx"}
{ "index" : { "_index" : "platform-test-automation", "_type":"test-case-execution-result"} }
{"job_id":"platform4_2019-06-04170209108","run_trigger_time":"2019-06-04 03:46:47.940 -0700","platform":"platform4","user_role":"Penetration Tester","tc_execution_time":"2019-06-04 03:49:02.171 -0700","category":"Network","subcategory":"Host Findings","tc_number":"stlo2","result":"Passed","time_taken_in_secs":"3.483 ","is_comparison_required_for_tc":"true","error_message":"Passed","test_suite":"MailVerify.xlsx"}
{ "index" : { "_index" : "platform-test-automation", "_type":"test-case-execution-result"} }
{"job_id":"platform4_2019-06-04170209108","run_trigger_time":"2019-06-04 03:46:47.940 -0700","platform":"platform4","user_role":"Penetration Tester","tc_execution_time":"2019-06-04 03:49:02.171 -0700","category":"Files","subcategory":"Download Center","tc_number":"nthf12","result":"Passed","time_taken_in_secs":"59.573 ","is_comparison_required_for_tc":"true","error_message":"Passed","test_suite":"MailVerify.xlsx"}
{ "index" : { "_index" : "platform-test-automation", "_type":"test-case-execution-result"} }
{"job_id":"platform4_2019-06-04170209108","run_trigger_time":"2019-06-04 03:46:47.940 -0700","platform":"platform3","user_role":"Penetration Tester","tc_execution_time":"2019-06-04 03:49:02.171 -0700","category":"Network","subcategory":"Host Findings","tc_number":"nthf13","result":"Failed","time_taken_in_secs":"109.182 ","is_comparison_required_for_tc":"true","error_message":"Conditional Pass - [Incorrect severity update after rejectance: Expected severity - 10.0, Actual severity - 10. Id no - 109105643,]","test_suite":"MailVerify.xlsx"}
{ "index" : { "_index" : "platform-test-automation", "_type":"test-case-execution-result"} }
{"job_id":"platform4_2019-06-04170209108","run_trigger_time":"2019-06-04 03:46:47.940 -0700","platform":"platform4","user_role":"Penetration Tester","tc_execution_time":"2019-06-04 03:49:02.171 -0700","category":"Files","subcategory":"Upload Center","tc_number":"nthf14","result":"Passed","time_taken_in_secs":"57.274 ","is_comparison_required_for_tc":"true","error_message":"Conditional Pass - [Incorrect severity update after rejectance: Expected severity - 10.0, Actual severity - 10. Id no - 109105644,]","test_suite":"MailVerify.xlsx"}
{ "index" : { "_index" : "platform-test-automation", "_type":"test-case-execution-result"} }
{"job_id":"platform4_2019-06-04170209108","run_trigger_time":"2019-06-04 03:46:47.940 -0700","platform":"platform2","user_role":"Penetration Tester","tc_execution_time":"2019-06-04 03:49:02.171 -0700","category":"Network","subcategory":"Dashboard","tc_number":"nthf14","result":"Passed","time_taken_in_secs":"57.274 ","is_comparison_required_for_tc":"true","error_message":"","test_suite":"MailVerify.xlsx"}
{ "index" : { "_index" : "platform-test-automation", "_type":"test-case-execution-result"} }
{"job_id":"platform4_2019-06-04170209108","run_trigger_time":"2019-06-04 03:46:47.940 -0700","platform":"platform4","user_role":"Penetration Tester","tc_execution_time":"2019-06-04 03:49:02.171 -0700","category":"Network","subcategory":"Host Findings","tc_number":"nthf15","result":"Passed","time_taken_in_secs":"53.766 ","is_comparison_required_for_tc":"true","error_message":"Passed","test_suite":"MailVerify.xlsx"}
{ "index" : { "_index" : "platform-test-automation", "_type":"test-case-execution-result"} }
{"job_id":"platform4_2019-06-04170209108","run_trigger_time":"2019-06-04 03:46:47.940 -0700","platform":"platform4","user_role":"Penetration Tester","tc_execution_time":"2019-06-04 03:49:02.171 -0700","category":"Network","subcategory":"Host Findings","tc_number":"nthf16","result":"Passed","time_taken_in_secs":"135.525 ","is_comparison_required_for_tc":"true","error_message":"Conditional Pass - [Incorrect severity update after rejectance: Expected severity - 10.0, Actual severity - 10. Id no - 109105646,]","test_suite":"MailVerify.xlsx"}
{ "index" : { "_index" : "platform-test-automation", "_type":"test-case-execution-result"} }
{"job_id":"platform4_2019-06-04170209108","run_trigger_time":"2019-06-04 03:46:47.940 -0700","platform":"platform1","user_role":"Penetration Tester","tc_execution_time":"2019-06-04 03:49:02.171 -0700","category":"Application","subcategory":"Dashboard","tc_number":"nthf17","result":"Passed","time_taken_in_secs":"55.411 ","is_comparison_required_for_tc":"true","error_message":"Passed","test_suite":"MailVerify.xlsx"}
{ "index" : { "_index" : "platform-test-automation", "_type":"test-case-execution-result"} }
{"job_id":"platform4_2019-06-04170209108","run_trigger_time":"2019-06-04 03:46:47.940 -0700","platform":"platform4","user_role":"Penetration Tester","tc_execution_time":"2019-06-04 03:49:02.171 -0700","category":"Application","subcategory":"Unique Vulnerabilities","tc_number":"nthf18","result":"Passed","time_taken_in_secs":"27.314 ","is_comparison_required_for_tc":"true","error_message":"Passed","test_suite":"MailVerify.xlsx"}
{ "index" : { "_index" : "platform-test-automation", "_type":"test-case-execution-result"} }
{"job_id":"platform4_2019-06-04170209108","run_trigger_time":"2019-06-04 03:46:47.940 -0700","platform":"platform4","user_role":"Penetration Tester","tc_execution_time":"2019-06-04 03:49:02.171 -0700","category":"Network","subcategory":"Host Findings","tc_number":"nthf19","result":"Passed","time_taken_in_secs":"23.749 ","is_comparison_required_for_tc":"true","error_message":"Passed","test_suite":"MailVerify.xlsx"}
{ "index" : { "_index" : "platform-test-automation", "_type":"test-case-execution-result"} }
{"job_id":"platform4_2019-06-04170209108","run_trigger_time":"2019-06-04 03:46:47.940 -0700","platform":"platform4","user_role":"Penetration Tester","tc_execution_time":"2019-06-04 03:49:02.171 -0700","category":"Network","subcategory":"Differential Analysis","tc_number":"nthf20","result":"Passed","time_taken_in_secs":"23.713 ","is_comparison_required_for_tc":"true","error_message":"Passed","test_suite":"MailVerify.xlsx"}
{ "index" : { "_index" : "platform-test-automation", "_type":"test-case-execution-result"} }
{"job_id":"platform4_2019-06-04170209108","run_trigger_time":"2019-06-04 03:46:47.940 -0700","platform":"platform4","user_role":"Penetration Tester","tc_execution_time":"2019-06-04 03:49:02.171 -0700","category":"Executive","subcategory":"Executive Dashboard","tc_number":"nthf21","result":"Passed","time_taken_in_secs":"27.563 ","is_comparison_required_for_tc":"true","error_message":"Passed","test_suite":"MailVerify.xlsx"}
{ "index" : { "_index" : "platform-test-automation", "_type":"test-case-execution-result"} }
{"job_id":"platform4_2019-06-04170209108","run_trigger_time":"2019-06-04 03:46:47.940 -0700","platform":"platform3","user_role":"Penetration Tester","tc_execution_time":"2019-06-04 03:49:02.171 -0700","category":"Network","subcategory":"Host Findings","tc_number":"nthf22","result":"Passed","time_taken_in_secs":"24.16 ","is_comparison_required_for_tc":"true","error_message":"Passed","test_suite":"MailVerify.xlsx"}
{ "index" : { "_index" : "platform-test-automation", "_type":"test-case-execution-result"} }
{"job_id":"platform4_2019-06-04170209108","run_trigger_time":"2019-06-04 03:46:47.940 -0700","platform":"platform4","user_role":"Penetration Tester","tc_execution_time":"2019-06-04 03:49:02.171 -0700","category":"Executive","subcategory":"Statistics","tc_number":"nthf23","result":"Passed","time_taken_in_secs":"25.363 ","is_comparison_required_for_tc":"true","error_message":"Passed","test_suite":"MailVerify.xlsx"}
{ "index" : { "_index" : "platform-test-automation", "_type":"test-case-execution-result"} }
{"job_id":"platform4_2019-06-04170209108","run_trigger_time":"2019-06-04 03:46:47.940 -0700","platform":"platform1","user_role":"Penetration Tester","tc_execution_time":"2019-06-04 03:49:02.171 -0700","category":"Network","subcategory":"Host Findings","tc_number":"nthf24","result":"Failed","time_taken_in_secs":"30.379 ","is_comparison_required_for_tc":"true","error_message":"Failed","test_suite":"MailVerify.xlsx"}
{ "index" : { "_index" : "platform-test-automation", "_type":"test-case-execution-result"} }
{"job_id":"platform4_2019-06-04170209108","run_trigger_time":"2019-06-04 03:46:47.940 -0700","platform":"platform2","user_role":"Penetration Tester","tc_execution_time":"2019-06-04 03:49:02.171 -0700","category":"Executive","subcategory":"Statistics","tc_number":"nthf25","result":"Passed","time_taken_in_secs":"31.603 ","is_comparison_required_for_tc":"true","error_message":"Passed","test_suite":"MailVerify.xlsx"}
{ "index" : { "_index" : "platform-test-automation", "_type":"test-case-execution-result"} }
{"job_id":"platform4_2019-06-04170209108","run_trigger_time":"2019-06-04 03:46:47.940 -0700","platform":"platform3","user_role":"Penetration Tester","tc_execution_time":"2019-06-04 03:49:02.171 -0700","category":"Network","subcategory":"Hosts","tc_number":"nthf26","result":"Passed","time_taken_in_secs":"28.595 ","is_comparison_required_for_tc":"true","error_message":"Passed","test_suite":"MailVerify.xlsx"}
{ "index" : { "_index" : "platform-test-automation", "_type":"test-case-execution-result"} }
{"job_id":"platform4_2019-06-04170209108","run_trigger_time":"2019-06-04 03:46:47.940 -0700","platform":"platform1","user_role":"Penetration Tester","tc_execution_time":"2019-06-04 03:49:02.171 -0700","category":"Network","subcategory":"Unique Vulnerabilities","tc_number":"nthf27","result":"Passed","time_taken_in_secs":"30.403 ","is_comparison_required_for_tc":"true","error_message":"Passed","test_suite":"MailVerify.xlsx"}
{ "index" : { "_index" : "platform-test-automation", "_type":"test-case-execution-result"} }
{"job_id":"platform4_2019-06-04170209108","run_trigger_time":"2019-06-04 03:46:47.940 -0700","platform":"platform4","user_role":"Penetration Tester","tc_execution_time":"2019-06-04 03:49:02.171 -0700","category":"Network","subcategory":"Host Findings","tc_number":"nthf28","result":"Passed","time_taken_in_secs":"25.202 ","is_comparison_required_for_tc":"true","error_message":"Passed","test_suite":"MailVerify.xlsx"}
{ "index" : { "_index" : "platform-test-automation", "_type":"test-case-execution-result"} }
{"job_id":"platform4_2019-06-04170209108","run_trigger_time":"2019-06-04 03:46:47.940 -0700","platform":"platform1","user_role":"Penetration Tester","tc_execution_time":"2019-06-04 03:49:02.171 -0700","category":"Database","subcategory":"Database","tc_number":"nthf29","result":"Failed","time_taken_in_secs":"25.047 ","is_comparison_required_for_tc":"true","error_message":"Failed","test_suite":"MailVerify.xlsx"}
{ "index" : { "_index" : "platform-test-automation", "_type":"test-case-execution-result"} }
{"job_id":"platform4_2019-06-04170209108","run_trigger_time":"2019-06-04 03:46:47.940 -0700","platform":"platform4","user_role":"Penetration Tester","tc_execution_time":"2019-06-04 03:49:02.171 -0700","category":"Network","subcategory":"Unique Vulnerabilities","tc_number":"nthf30","result":"Passed","time_taken_in_secs":"28.122 ","is_comparison_required_for_tc":"true","error_message":"Passed","test_suite":"MailVerify.xlsx"}
{ "index" : { "_index" : "platform-test-automation", "_type":"test-case-execution-result"} }
{"job_id":"platform4_2019-06-04170209108","run_trigger_time":"2019-06-04 03:46:47.940 -0700","platform":"platform3","user_role":"Penetration Tester","tc_execution_time":"2019-06-04 03:49:02.171 -0700","category":"Network","subcategory":"Host Findings","tc_number":"nthf31","result":"Failed","time_taken_in_secs":"31.878 ","is_comparison_required_for_tc":"true","error_message":"Failed","test_suite":"MailVerify.xlsx"}
{ "index" : { "_index" : "platform-test-automation", "_type":"test-case-execution-result"} }
{"job_id":"platform4_2019-06-04170209108","run_trigger_time":"2019-06-04 03:46:47.940 -0700","platform":"platform2","user_role":"Penetration Tester","tc_execution_time":"2019-06-04 03:49:02.171 -0700","category":"Database","subcategory":"Database Findings","tc_number":"stlo1","result":"Passed","time_taken_in_secs":"27.2 ","is_comparison_required_for_tc":"false","error_message":"Passed","test_suite":"MailVerify.xlsx"}
{ "index" : { "_index" : "platform-test-automation", "_type":"test-case-execution-result"} }
{"job_id":"platform4_2019-06-04170209108","run_trigger_time":"2019-06-04 03:46:47.940 -0700","platform":"platform2","user_role":"Penetration Tester","tc_execution_time":"2019-06-04 03:49:02.171 -0700","category":"Settings","subcategory":"Users","tc_number":"stgr1","result":"Passed","time_taken_in_secs":"52.774 ","is_comparison_required_for_tc":"false","error_message":"Passed","test_suite":"MailVerify.xlsx"}
{ "index" : { "_index" : "platform-test-automation", "_type":"test-case-execution-result"} }
{"job_id":"platform4_2019-06-04170209108","run_trigger_time":"2019-06-04 03:46:47.940 -0700","platform":"platform2","user_role":"Penetration Tester","tc_execution_time":"2019-06-04 03:49:02.171 -0700","category":"Settings","subcategory":"Users","tc_number":"stnt1","result":"Failed","time_taken_in_secs":"45.055 ","is_comparison_required_for_tc":"false","error_message":"Failed","test_suite":"MailVerify.xlsx"}
{ "index" : { "_index" : "platform-test-automation", "_type":"test-case-execution-result"} }
{"job_id":"platform4_2019-06-04170209108","run_trigger_time":"2019-06-04 03:46:47.940 -0700","platform":"platform2","user_role":"Penetration Tester","tc_execution_time":"2019-06-04 03:49:02.171 -0700","category":"Settings","subcategory":"Groups","tc_number":"stas1","result":"Passed","time_taken_in_secs":"43.901 ","is_comparison_required_for_tc":"false","error_message":"Passed","test_suite":"MailVerify.xlsx"}
{ "index" : { "_index" : "platform-test-automation", "_type":"test-case-execution-result"} }
{"job_id":"platform4_2019-06-04170209108","run_trigger_time":"2019-06-04 03:46:47.940 -0700","platform":"platform3","user_role":"Penetration Tester","tc_execution_time":"2019-06-04 03:49:02.171 -0700","category":"Application","subcategory":"Application Findings","tc_number":"stcs1","result":"Failed","time_taken_in_secs":"35.943 ","is_comparison_required_for_tc":"true","error_message":"Failed","test_suite":"MailVerify.xlsx"}
{ "index" : { "_index" : "platform-test-automation", "_type":"test-case-execution-result"} }
{"job_id":"platform4_2019-06-04170209108","run_trigger_time":"2019-06-04 03:46:47.940 -0700","platform":"platform2","user_role":"Penetration Tester","tc_execution_time":"2019-06-04 03:49:02.171 -0700","category":"Settings","subcategory":"Client Settings","tc_number":"stas1","result":"Failed","time_taken_in_secs":"43.901 ","is_comparison_required_for_tc":"true","error_message":"Failed","test_suite":"MailVerify.xlsx"}
{ "index" : { "_index" : "platform-test-automation", "_type":"test-case-execution-result"} }
{"job_id":"platform4_2019-06-04170209108","run_trigger_time":"2019-06-04 03:46:47.940 -0700","platform":"platform2","user_role":"Penetration Tester","tc_execution_time":"2019-06-04 03:49:02.171 -0700","category":"Settings","subcategory":"Client Settings","tc_number":"stas1","result":"Passed","time_taken_in_secs":"43.901 ","is_comparison_required_for_tc":"true","error_message":"Passed","test_suite":"MailVerify.xlsx"}
{ "index" : { "_index" : "platform-test-automation", "_type":"test-case-execution-result"} }
{"job_id":"platform4_2019-06-04170209108","run_trigger_time":"2019-06-04 03:46:47.940 -0700","platform":"platform2","user_role":"Penetration Tester","tc_execution_time":"2019-06-04 03:49:02.171 -0700","category":"Database","subcategory":"Database Findings","tc_number":"stas1","result":"Failed","time_taken_in_secs":"43.901 ","is_comparison_required_for_tc":"true","error_message":"Failed","test_suite":"MailVerify.xlsx"}
{ "index" : { "_index" : "platform-test-automation", "_type":"test-case-execution-result"} }
{"job_id":"platform4_2019-06-04170209108","run_trigger_time":"2019-06-04 03:46:47.940 -0700","platform":"platform2","user_role":"Penetration Tester","tc_execution_time":"2019-06-04 03:49:02.171 -0700","category":"Files","subcategory":"Download Center","tc_number":"stas1","result":"Failed","time_taken_in_secs":"43.901 ","is_comparison_required_for_tc":"true","error_message":"Failed","test_suite":"MailVerify.xlsx"}
{ "index" : { "_index" : "platform-test-automation", "_type":"test-case-execution-result"} }
{"job_id":"platform4_2019-06-04170209108","run_trigger_time":"2019-06-04 03:46:47.940 -0700","platform":"platform2","user_role":"Penetration Tester","tc_execution_time":"2019-06-04 03:49:02.171 -0700","category":"Network","subcategory":"Hosts","tc_number":"stas1","result":"Failed","time_taken_in_secs":"43.901 ","is_comparison_required_for_tc":"true","error_message":"Failed","test_suite":"MailVerify.xlsx"}